[2022-06-27T11:47:57.357Z] Log level: Info
[2022-06-27T11:47:57.360Z] [info] Validating found git in: git
[2022-06-27T11:47:57.426Z] [info] Using git 2.30.2 from git
[2022-06-27T11:47:57.484Z] > git rev-parse --show-toplevel [44ms]
[2022-06-27T11:47:57.543Z] > git rev-parse --git-dir --git-common-dir [51ms]
[2022-06-27T11:47:57.547Z] [info] Open repository: /root/Repositories/webvirtcloud
[2022-06-27T11:47:57.647Z] > git status -z -uall [93ms]
[2022-06-27T11:47:57.656Z] > git symbolic-ref --short HEAD [5ms]
[2022-06-27T11:47:57.664Z] > git for-each-ref --format=%(refname)%00%(upstream:short)%00%(objectname)%00%(upstream:track)%00%(upstream:remotename)%00%(upstream:remoteref) refs/heads/master refs/remotes/master [3ms]
[2022-06-27T11:47:57.674Z] > git remote --verbose [3ms]
[2022-06-27T11:47:57.675Z] > git for-each-ref --sort -committerdate --format %(refname) %(objectname) %(*objectname) [7ms]
[2022-06-27T11:47:57.696Z] > git config --get commit.template [6ms]
[2022-06-27T11:47:58.596Z] > git check-ignore -v -z --stdin [2ms]
[2022-06-27T11:47:59.773Z] > git status -z -uall [55ms]
[2022-06-27T11:47:59.781Z] > git symbolic-ref --short HEAD [1ms]
[2022-06-27T11:47:59.788Z] > git for-each-ref --format=%(refname)%00%(upstream:short)%00%(objectname)%00%(upstream:track)%00%(upstream:remotename)%00%(upstream:remoteref) refs/heads/master refs/remotes/master [2ms]
[2022-06-27T11:47:59.802Z] > git remote --verbose [2ms]
[2022-06-27T11:47:59.803Z] > git for-each-ref --sort -committerdate --format %(refname) %(objectname) %(*objectname) [8ms]
[2022-06-27T11:47:59.816Z] > git config --get commit.template [2ms]
[2022-06-27T11:48:12.306Z] > git status -z -uall [55ms]
[2022-06-27T11:48:12.312Z] > git symbolic-ref --short HEAD [1ms]
[2022-06-27T11:48:12.319Z] > git for-each-ref --format=%(refname)%00%(upstream:short)%00%(objectname)%00%(upstream:track)%00%(upstream:remotename)%00%(upstream:remoteref) refs/heads/master refs/remotes/master [1ms]
[2022-06-27T11:48:12.330Z] > git remote --verbose [2ms]
[2022-06-27T11:48:12.331Z] > git for-each-ref --sort -committerdate --format %(refname) %(objectname) %(*objectname) [6ms]
[2022-06-27T11:48:12.346Z] > git config --get commit.template [1ms]
[2022-06-27T11:48:17.409Z] > git status -z -uall [54ms]
[2022-06-27T11:48:17.418Z] > git symbolic-ref --short HEAD [2ms]
[2022-06-27T11:48:17.426Z] > git for-each-ref --format=%(refname)%00%(upstream:short)%00%(objectname)%00%(upstream:track)%00%(upstream:remotename)%00%(upstream:remoteref) refs/heads/master refs/remotes/master [2ms]
[2022-06-27T11:48:17.438Z] > git remote --verbose [2ms]
[2022-06-27T11:48:17.438Z] > git for-each-ref --sort -committerdate --format %(refname) %(objectname) %(*objectname) [6ms]
[2022-06-27T11:48:17.454Z] > git config --get commit.template [3ms]
[2022-06-27T11:48:22.519Z] > git status -z -uall [51ms]
[2022-06-27T11:48:22.526Z] > git symbolic-ref --short HEAD [1ms]
[2022-06-27T11:48:22.532Z] > git for-each-ref --format=%(refname)%00%(upstream:short)%00%(objectname)%00%(upstream:track)%00%(upstream:remotename)%00%(upstream:remoteref) refs/heads/master refs/remotes/master [1ms]
[2022-06-27T11:48:22.545Z] > git remote --verbose [1ms]
[2022-06-27T11:48:22.545Z] > git for-each-ref --sort -committerdate --format %(refname) %(objectname) %(*objectname) [8ms]
[2022-06-27T11:48:22.561Z] > git config --get commit.template [3ms]
[2022-06-27T11:48:23.604Z] > git check-ignore -v -z --stdin [2ms]
[2022-06-27T11:48:25.995Z] > git show --textconv :conf/test-vm.xml [8ms]
[2022-06-27T11:48:25.998Z] > git ls-files --stage -- /root/Repositories/webvirtcloud/conf/test-vm.xml [4ms]
[2022-06-27T11:48:26.009Z] > git cat-file -s d14f25f9159f1a0463e67d6de7208bdd61a42774 [1ms]
[2022-06-27T11:48:27.629Z] > git status -z -uall [59ms]
[2022-06-27T11:48:27.638Z] > git symbolic-ref --short HEAD [2ms]
[2022-06-27T11:48:27.644Z] > git for-each-ref --format=%(refname)%00%(upstream:short)%00%(objectname)%00%(upstream:track)%00%(upstream:remotename)%00%(upstream:remoteref) refs/heads/master refs/remotes/master [1ms]
[2022-06-27T11:48:27.656Z] > git remote --verbose [2ms]
[2022-06-27T11:48:27.656Z] > git for-each-ref --sort -committerdate --format %(refname) %(objectname) %(*objectname) [7ms]
[2022-06-27T11:48:27.673Z] > git config --get commit.template [4ms]
[2022-06-27T11:48:32.738Z] > git status -z -uall [56ms]
[2022-06-27T11:48:32.743Z] > git symbolic-ref --short HEAD [0ms]
[2022-06-27T11:48:32.751Z] > git for-each-ref --format=%(refname)%00%(upstream:short)%00%(objectname)%00%(upstream:track)%00%(upstream:remotename)%00%(upstream:remoteref) refs/heads/master refs/remotes/master [1ms]
[2022-06-27T11:48:32.761Z] > git for-each-ref --sort -committerdate --format %(refname) %(objectname) %(*objectname) [5ms]
[2022-06-27T11:48:32.761Z] > git remote --verbose [2ms]
[2022-06-27T11:48:32.775Z] > git config --get commit.template [3ms]
[2022-06-27T11:48:37.850Z] > git status -z -uall [67ms]
[2022-06-27T11:48:37.858Z] > git symbolic-ref --short HEAD [1ms]
[2022-06-27T11:48:37.864Z] > git for-each-ref --format=%(refname)%00%(upstream:short)%00%(objectname)%00%(upstream:track)%00%(upstream:remotename)%00%(upstream:remoteref) refs/heads/master refs/remotes/master [1ms]
[2022-06-27T11:48:37.875Z] > git for-each-ref --sort -committerdate --format %(refname) %(objectname) %(*objectname) [5ms]
[2022-06-27T11:48:37.875Z] > git remote --verbose [1ms]
[2022-06-27T11:48:37.885Z] > git config --get commit.template [2ms]
[2022-06-27T13:03:45.140Z] > git status -z -uall [55ms]
[2022-06-27T13:03:45.145Z] > git symbolic-ref --short HEAD [1ms]
[2022-06-27T13:03:45.149Z] > git for-each-ref --format=%(refname)%00%(upstream:short)%00%(objectname)%00%(upstream:track)%00%(upstream:remotename)%00%(upstream:remoteref) refs/heads/master refs/remotes/master [1ms]
[2022-06-27T13:03:45.156Z] > git for-each-ref --sort -committerdate --format %(refname) %(objectname) %(*objectname) [4ms]
[2022-06-27T13:03:45.156Z] > git remote --verbose [1ms]
[2022-06-27T13:03:45.165Z] > git config --get commit.template [1ms]
